<?xml version="1.0" encoding="UTF-8"?>
<!-- Generated by org.testng.reporters.JUnitReportReporter -->
<testsuite hostname="hp252734T" failures="0" tests="2" name="testScript.LoginPage_InvalidPassword" time="6.189" errors="0" timestamp="2024-07-31T20:48:27 IST" skipped="0">
  <testcase classname="testScript.LoginPage_InvalidPassword" name="f" time="2.046"/>
  <system-out/>
  <testcase classname="testScript.LoginPage_InvalidPassword" name="verifyUserIsAbleToLoginUsingValidUsernameInvalidPassword" time="4.143"/>
  <system-out/>
</testsuite> <!-- testScript.LoginPage_InvalidPassword -->
