<?xml version="1.0" encoding="UTF-8"?>
<!-- Generated by org.testng.reporters.JUnitReportReporter -->
<testsuite hostname="hp252734T" failures="0" tests="1" name="testScript.DeleteAdminUser_Test" time="8.116" errors="0" timestamp="2024-08-23T21:18:22 IST" skipped="0">
  <testcase classname="testScript.DeleteAdminUser_Test" name="verifyUserIsAbleToDeleteUserFromList" time="8.116"/>
  <system-out/>
</testsuite> <!-- testScript.DeleteAdminUser_Test -->
