<?xml version="1.0" encoding="UTF-8"?>
<!-- Generated by org.testng.reporters.JUnitReportReporter -->
<testsuite hostname="hp252734T" failures="0" tests="1" name="testScript.EditSubCategoryDetails_Test" time="7.389" errors="0" timestamp="2024-08-09T11:35:14 IST" skipped="0">
  <testcase classname="testScript.EditSubCategoryDetails_Test" name="verifyUserIsAbleToEditSubCatagory" time="7.389"/>
  <system-out/>
</testsuite> <!-- testScript.EditSubCategoryDetails_Test -->
