<?xml version="1.0" encoding="UTF-8"?>
<!-- Generated by org.testng.reporters.JUnitReportReporter -->
<testsuite hostname="hp252734T" failures="0" tests="1" name="testScript.LoginPage_Test" time="3.952" errors="0" timestamp="2024-08-22T13:22:43 IST" skipped="0">
  <testcase classname="testScript.LoginPage_Test" name="verifyUserIsAbleToLoginUsingValidUsernameInvalidPassword" time="3.952"/>
  <system-out/>
</testsuite> <!-- testScript.LoginPage_Test -->
