<?xml version="1.0" encoding="UTF-8"?>
<!-- Generated by org.testng.reporters.JUnitReportReporter -->
<testsuite hostname="hp252734T" failures="0" tests="2" name="testScript.LoginPage_Test" time="8.548" errors="0" timestamp="2024-08-22T11:20:30 IST" skipped="0">
  <testcase classname="testScript.LoginPage_Test" name="verifyUserIsAbleToLoginUsingValidCredentials" time="4.865"/>
  <system-out/>
  <testcase classname="testScript.LoginPage_Test" name="verifyUserIsAbleToLoginUsingValidCredentials" time="3.683"/>
  <system-out/>
</testsuite> <!-- testScript.LoginPage_Test -->
